-------------------------------------------------------------------------------
Test set: com.hz.DemoApplicationTests
-------------------------------------------------------------------------------
Tests run: 1, Failures: 0, Errors: 1, Skipped: 0, Time elapsed: 4.548 s <<< FAILURE! - in com.hz.DemoApplicationTests
test01(com.hz.DemoApplicationTests)  Time elapsed: 0.085 s  <<< ERROR!
java.util.NoSuchElementException: No value present
	at com.hz.DemoApplicationTests.test01(DemoApplicationTests.java:23)

